This file contains any messages produced by compilers while
running configure, to aid debugging if configure makes a mistake.

It was created by c_dbms configure 0.1, which was
generated by GNU Autoconf 2.68.  Invocation command line was

  $ /home/huxu/Anjuta-Projects/C_DBMS/configure --enable-maintainer-mode

## --------- ##
## Platform. ##
## --------- ##

hostname = ubuntu
uname -m = i686
uname -r = 3.5.0-17-generic
uname -s = Linux
uname -v = #28-Ubuntu SMP Tue Oct 9 19:32:08 UTC 2012

/usr/bin/uname -p = unknown
/bin/uname -X     = unknown

/bin/arch              = unknown
/usr/bin/arch -k       = unknown
/usr/convex/getsysinfo = unknown
/usr/bin/hostinfo      = unknown
/bin/machine           = unknown
/usr/bin/oslevel       = unknown
/bin/universe          = unknown

PATH: /home/huxu/bin
PATH: /usr/lib/lightdm/lightdm
PATH: /usr/local/sbin
PATH: /usr/local/bin
PATH: /usr/sbin
PATH: /usr/bin
PATH: /sbin
PATH: /bin
PATH: /usr/games
PATH: /usr/local/games


## ----------- ##
## Core tests. ##
## ----------- ##

configure:2276: checking for a BSD-compatible install
configure:2344: result: /usr/bin/install -c
configure:2355: checking whether build environment is sane
configure:2405: result: yes
configure:2546: checking for a thread-safe mkdir -p
configure:2585: result: /bin/mkdir -p
configure:2598: checking for gawk
configure:2628: result: no
configure:2598: checking for mawk
configure:2614: found /usr/bin/mawk
configure:2625: result: mawk
configure:2636: checking whether make sets $(MAKE)
configure:2658: result: yes
configure:2750: checking whether make supports nested variables
configure:2767: result: yes
configure:2827: checking for gcc
configure:2843: found /usr/bin/gcc
configure:2854: result: gcc
configure:3083: checking for C compiler version
configure:3092: gcc --version >&5
gcc (Ubuntu/Linaro 4.7.2-2ubuntu1) 4.7.2
Copyright (C) 2012 Free Software Foundation, Inc.
This is free software; see the source for copying conditions.  There is NO
warranty; not even for MERCHANTABILITY or FITNESS FOR A PARTICULAR PURPOSE.

configure:3103: $? = 0
configure:3092: gcc -v >&5
Using built-in specs.
COLLECT_GCC=gcc
COLLECT_LTO_WRAPPER=/usr/lib/gcc/i686-linux-gnu/4.7/lto-wrapper
Target: i686-linux-gnu
Configured with: ../src/configure -v --with-pkgversion='Ubuntu/Linaro 4.7.2-2ubuntu1' --with-bugurl=file:///usr/share/doc/gcc-4.7/README.Bugs --enable-languages=c,c++,go,fortran,objc,obj-c++ --prefix=/usr --program-suffix=-4.7 --enable-shared --enable-linker-build-id --with-system-zlib --libexecdir=/usr/lib --without-included-gettext --enable-threads=posix --with-gxx-include-dir=/usr/include/c++/4.7 --libdir=/usr/lib --enable-nls --with-sysroot=/ --enable-clocale=gnu --enable-libstdcxx-debug --enable-libstdcxx-time=yes --enable-gnu-unique-object --enable-plugin --enable-objc-gc --enable-targets=all --disable-werror --with-arch-32=i686 --with-tune=generic --enable-checking=release --build=i686-linux-gnu --host=i686-linux-gnu --target=i686-linux-gnu
Thread model: posix
gcc version 4.7.2 (Ubuntu/Linaro 4.7.2-2ubuntu1) 
configure:3103: $? = 0
configure:3092: gcc -V >&5
gcc: error: unrecognized command line option '-V'
gcc: fatal error: no input files
compilation terminated.
configure:3103: $? = 4
configure:3092: gcc -qversion >&5
gcc: error: unrecognized command line option '-qversion'
gcc: fatal error: no input files
compilation terminated.
configure:3103: $? = 4
configure:3123: checking whether the C compiler works
configure:3145: gcc    conftest.c  >&5
configure:3149: $? = 0
configure:3197: result: yes
configure:3200: checking for C compiler default output file name
configure:3202: result: a.out
configure:3208: checking for suffix of executables
configure:3215: gcc -o conftest    conftest.c  >&5
configure:3219: $? = 0
configure:3241: result: 
configure:3263: checking whether we are cross compiling
configure:3271: gcc -o conftest    conftest.c  >&5
configure:3275: $? = 0
configure:3282: ./conftest
configure:3286: $? = 0
configure:3301: result: no
configure:3306: checking for suffix of object files
configure:3328: gcc -c   conftest.c >&5
configure:3332: $? = 0
configure:3353: result: o
configure:3357: checking whether we are using the GNU C compiler
configure:3376: gcc -c   conftest.c >&5
configure:3376: $? = 0
configure:3385: result: yes
configure:3394: checking whether gcc accepts -g
configure:3414: gcc -c -g  conftest.c >&5
configure:3414: $? = 0
configure:3455: result: yes
configure:3472: checking for gcc option to accept ISO C89
configure:3536: gcc  -c -g -O2  conftest.c >&5
configure:3536: $? = 0
configure:3549: result: none needed
configure:3580: checking for style of include used by make
configure:3608: result: GNU
configure:3634: checking dependency style of gcc
configure:3745: result: gcc3
configure:3765: checking whether NLS is requested
configure:3774: result: yes
configure:3793: checking for intltool >= 0.35.0
configure:3795: result: 0.50.2 found
configure:3803: checking for intltool-update
configure:3821: found /usr/bin/intltool-update
configure:3833: result: /usr/bin/intltool-update
configure:3843: checking for intltool-merge
configure:3861: found /usr/bin/intltool-merge
configure:3873: result: /usr/bin/intltool-merge
configure:3883: checking for intltool-extract
configure:3901: found /usr/bin/intltool-extract
configure:3913: result: /usr/bin/intltool-extract
configure:4067: checking for xgettext
configure:4085: found /usr/bin/xgettext
configure:4097: result: /usr/bin/xgettext
configure:4107: checking for msgmerge
configure:4125: found /usr/bin/msgmerge
configure:4137: result: /usr/bin/msgmerge
configure:4147: checking for msgfmt
configure:4165: found /usr/bin/msgfmt
configure:4177: result: /usr/bin/msgfmt
configure:4187: checking for gmsgfmt
configure:4218: result: /usr/bin/msgfmt
configure:4238: checking for perl
configure:4256: found /usr/bin/perl
configure:4268: result: /usr/bin/perl
configure:4279: checking for perl >= 5.8.1
configure:4286: result: 5.14.2
configure:4290: checking for XML::Parser
configure:4293: result: ok
configure:4318: gcc -o conftest -g -O2   conftest.c  >&5
configure:4318: $? = 0
configure:4358: checking how to run the C preprocessor
configure:4389: gcc -E  conftest.c
configure:4389: $? = 0
configure:4403: gcc -E  conftest.c
conftest.c:12:28: fatal error: ac_nonexistent.h: No such file or directory
compilation terminated.
configure:4403: $? = 1
configure: failed program was:
| /* confdefs.h */
| #define PACKAGE_NAME "c_dbms"
| #define PACKAGE_TARNAME "c_dbms"
| #define PACKAGE_VERSION "0.1"
| #define PACKAGE_STRING "c_dbms 0.1"
| #define PACKAGE_BUGREPORT ""
| #define PACKAGE_URL ""
| #define PACKAGE "c_dbms"
| #define VERSION "0.1"
| #define GETTEXT_PACKAGE "c_dbms"
| /* end confdefs.h.  */
| #include <ac_nonexistent.h>
configure:4428: result: gcc -E
configure:4448: gcc -E  conftest.c
configure:4448: $? = 0
configure:4462: gcc -E  conftest.c
conftest.c:12:28: fatal error: ac_nonexistent.h: No such file or directory
compilation terminated.
configure:4462: $? = 1
configure: failed program was:
| /* confdefs.h */
| #define PACKAGE_NAME "c_dbms"
| #define PACKAGE_TARNAME "c_dbms"
| #define PACKAGE_VERSION "0.1"
| #define PACKAGE_STRING "c_dbms 0.1"
| #define PACKAGE_BUGREPORT ""
| #define PACKAGE_URL ""
| #define PACKAGE "c_dbms"
| #define VERSION "0.1"
| #define GETTEXT_PACKAGE "c_dbms"
| /* end confdefs.h.  */
| #include <ac_nonexistent.h>
configure:4491: checking for grep that handles long lines and -e
configure:4549: result: /bin/grep
configure:4554: checking for egrep
configure:4616: result: /bin/grep -E
configure:4621: checking for ANSI C header files
configure:4641: gcc -c -g -O2  conftest.c >&5
configure:4641: $? = 0
configure:4714: gcc -o conftest -g -O2   conftest.c  >&5
configure:4714: $? = 0
configure:4714: ./conftest
configure:4714: $? = 0
configure:4725: result: yes
configure:4738: checking for sys/types.h
configure:4738: gcc -c -g -O2  conftest.c >&5
configure:4738: $? = 0
configure:4738: result: yes
configure:4738: checking for sys/stat.h
configure:4738: gcc -c -g -O2  conftest.c >&5
configure:4738: $? = 0
configure:4738: result: yes
configure:4738: checking for stdlib.h
configure:4738: gcc -c -g -O2  conftest.c >&5
configure:4738: $? = 0
configure:4738: result: yes
configure:4738: checking for string.h
configure:4738: gcc -c -g -O2  conftest.c >&5
configure:4738: $? = 0
configure:4738: result: yes
configure:4738: checking for memory.h
configure:4738: gcc -c -g -O2  conftest.c >&5
configure:4738: $? = 0
configure:4738: result: yes
configure:4738: checking for strings.h
configure:4738: gcc -c -g -O2  conftest.c >&5
configure:4738: $? = 0
configure:4738: result: yes
configure:4738: checking for inttypes.h
configure:4738: gcc -c -g -O2  conftest.c >&5
configure:4738: $? = 0
configure:4738: result: yes
configure:4738: checking for stdint.h
configure:4738: gcc -c -g -O2  conftest.c >&5
configure:4738: $? = 0
configure:4738: result: yes
configure:4738: checking for unistd.h
configure:4738: gcc -c -g -O2  conftest.c >&5
configure:4738: $? = 0
configure:4738: result: yes
configure:4753: checking locale.h usability
configure:4753: gcc -c -g -O2  conftest.c >&5
configure:4753: $? = 0
configure:4753: result: yes
configure:4753: checking locale.h presence
configure:4753: gcc -E  conftest.c
configure:4753: $? = 0
configure:4753: result: yes
configure:4753: checking for locale.h
configure:4753: result: yes
configure:4764: checking for LC_MESSAGES
configure:4780: gcc -o conftest -g -O2   conftest.c  >&5
configure:4780: $? = 0
configure:4788: result: yes
configure:4805: checking libintl.h usability
configure:4805: gcc -c -g -O2  conftest.c >&5
configure:4805: $? = 0
configure:4805: result: yes
configure:4805: checking libintl.h presence
configure:4805: gcc -E  conftest.c
configure:4805: $? = 0
configure:4805: result: yes
configure:4805: checking for libintl.h
configure:4805: result: yes
configure:4813: checking for ngettext in libc
configure:4831: gcc -o conftest -g -O2   conftest.c  >&5
configure:4831: $? = 0
configure:4840: result: yes
configure:4844: checking for dgettext in libc
configure:4862: gcc -o conftest -g -O2   conftest.c  >&5
configure:4862: $? = 0
configure:4871: result: yes
configure:4878: checking for bind_textdomain_codeset
configure:4878: gcc -o conftest -g -O2   conftest.c  >&5
configure:4878: $? = 0
configure:4878: result: yes
configure:5154: checking for msgfmt
configure:5181: result: /usr/bin/msgfmt
configure:5192: checking for dcgettext
configure:5192: gcc -o conftest -g -O2   conftest.c   >&5
conftest.c:49:6: warning: conflicting types for built-in function 'dcgettext' [enabled by default]
configure:5192: $? = 0
configure:5192: result: yes
configure:5202: checking if msgfmt accepts -c
configure:5217: $MSGFMT -c -o /dev/null conftest.foo
configure:5220: $? = 0
configure:5222: result: yes
configure:5232: checking for gmsgfmt
configure:5263: result: /usr/bin/msgfmt
configure:5273: checking for xgettext
configure:5300: result: /usr/bin/xgettext
configure:5319: gcc -o conftest -g -O2   conftest.c   >&5
configure:5319: $? = 0
configure:5490: checking build system type
configure:5504: result: i686-pc-linux-gnu
configure:5524: checking host system type
configure:5537: result: i686-pc-linux-gnu
configure:5578: checking how to print strings
configure:5605: result: printf
configure:5626: checking for a sed that does not truncate output
configure:5690: result: /bin/sed
configure:5708: checking for fgrep
configure:5770: result: /bin/grep -F
configure:5805: checking for ld used by gcc
configure:5872: result: /usr/bin/ld
configure:5879: checking if the linker (/usr/bin/ld) is GNU ld
configure:5894: result: yes
configure:5906: checking for BSD- or MS-compatible name lister (nm)
configure:5955: result: /usr/bin/nm -B
configure:6085: checking the name lister (/usr/bin/nm -B) interface
configure:6092: gcc -c -g -O2  conftest.c >&5
configure:6095: /usr/bin/nm -B "conftest.o"
configure:6098: output
00000000 B some_variable
configure:6105: result: BSD nm
configure:6108: checking whether ln -s works
configure:6112: result: yes
configure:6120: checking the maximum length of command line arguments
configure:6250: result: 1572864
configure:6267: checking whether the shell understands some XSI constructs
configure:6277: result: yes
configure:6281: checking whether the shell understands "+="
configure:6287: result: yes
configure:6322: checking how to convert i686-pc-linux-gnu file names to i686-pc-linux-gnu format
configure:6362: result: func_convert_file_noop
configure:6369: checking how to convert i686-pc-linux-gnu file names to toolchain format
configure:6389: result: func_convert_file_noop
configure:6396: checking for /usr/bin/ld option to reload object files
configure:6403: result: -r
configure:6477: checking for objdump
configure:6493: found /usr/bin/objdump
configure:6504: result: objdump
configure:6536: checking how to recognize dependent libraries
configure:6738: result: pass_all
configure:6823: checking for dlltool
configure:6853: result: no
configure:6883: checking how to associate runtime and link libraries
configure:6910: result: printf %s\n
configure:6970: checking for ar
configure:6986: found /usr/bin/ar
configure:6997: result: ar
configure:7034: checking for archiver @FILE support
configure:7051: gcc -c -g -O2  conftest.c >&5
configure:7051: $? = 0
configure:7054: ar cru libconftest.a @conftest.lst >&5
configure:7057: $? = 0
configure:7062: ar cru libconftest.a @conftest.lst >&5
ar: conftest.o: No such file or directory
configure:7065: $? = 1
configure:7077: result: @
configure:7135: checking for strip
configure:7151: found /usr/bin/strip
configure:7162: result: strip
configure:7234: checking for ranlib
configure:7250: found /usr/bin/ranlib
configure:7261: result: ranlib
configure:7363: checking command to parse /usr/bin/nm -B output from gcc object
configure:7483: gcc -c -g -O2  conftest.c >&5
configure:7486: $? = 0
configure:7490: /usr/bin/nm -B conftest.o \| sed -n -e 's/^.*[ ]\([ABCDGIRSTW][ABCDGIRSTW]*\)[ ][ ]*\([_A-Za-z][_A-Za-z0-9]*\)$/\1 \2 \2/p' | sed '/ __gnu_lto/d' \> conftest.nm
configure:7493: $? = 0
configure:7559: gcc -o conftest -g -O2   conftest.c conftstm.o >&5
configure:7562: $? = 0
configure:7600: result: ok
configure:7637: checking for sysroot
configure:7667: result: no
configure:7923: checking for mt
configure:7939: found /bin/mt
configure:7950: result: mt
configure:7973: checking if mt is a manifest tool
configure:7979: mt '-?'
configure:7987: result: no
configure:8626: checking for dlfcn.h
configure:8626: gcc -c -g -O2  conftest.c >&5
configure:8626: $? = 0
configure:8626: result: yes
configure:8832: checking for objdir
configure:8847: result: .libs
configure:9114: checking if gcc supports -fno-rtti -fno-exceptions
configure:9132: gcc -c -g -O2  -fno-rtti -fno-exceptions conftest.c >&5
cc1: warning: command line option '-fno-rtti' is valid for C++/ObjC++ but not for C [enabled by default]
configure:9136: $? = 0
configure:9149: result: no
configure:9476: checking for gcc option to produce PIC
configure:9483: result: -fPIC -DPIC
configure:9491: checking if gcc PIC flag -fPIC -DPIC works
configure:9509: gcc -c -g -O2  -fPIC -DPIC -DPIC conftest.c >&5
configure:9513: $? = 0
configure:9526: result: yes
configure:9555: checking if gcc static flag -static works
configure:9583: result: yes
configure:9598: checking if gcc supports -c -o file.o
configure:9619: gcc -c -g -O2  -o out/conftest2.o conftest.c >&5
configure:9623: $? = 0
configure:9645: result: yes
configure:9653: checking if gcc supports -c -o file.o
configure:9700: result: yes
configure:9733: checking whether the gcc linker (/usr/bin/ld) supports shared libraries
configure:10890: result: yes
configure:10927: checking whether -lc should be explicitly linked in
configure:10935: gcc -c -g -O2  conftest.c >&5
configure:10938: $? = 0
configure:10953: gcc -shared  -fPIC -DPIC conftest.o  -v -Wl,-soname -Wl,conftest -o conftest 2\>\&1 \| /bin/grep  -lc  \>/dev/null 2\>\&1
configure:10956: $? = 0
configure:10970: result: no
configure:11130: checking dynamic linker characteristics
configure:11641: gcc -o conftest -g -O2   -Wl,-rpath -Wl,/foo conftest.c  >&5
configure:11641: $? = 0
configure:11875: result: GNU/Linux ld.so
configure:11982: checking how to hardcode library paths into programs
configure:12007: result: immediate
configure:12547: checking whether stripping libraries is possible
configure:12552: result: yes
configure:12587: checking if libtool supports shared libraries
configure:12589: result: yes
configure:12592: checking whether to build shared libraries
configure:12613: result: yes
configure:12616: checking whether to build static libraries
configure:12620: result: yes
configure:12799: creating ./config.status

## ---------------------- ##
## Running config.status. ##
## ---------------------- ##

This file was extended by c_dbms config.status 0.1, which was
generated by GNU Autoconf 2.68.  Invocation command line was

  CONFIG_FILES    = 
  CONFIG_HEADERS  = 
  CONFIG_LINKS    = 
  CONFIG_COMMANDS = 
  $ ./config.status 

on ubuntu

config.status:1171: creating Makefile
config.status:1171: creating src/Makefile
config.status:1171: creating po/Makefile.in
config.status:1171: creating config.h
config.status:1400: executing depfiles commands
config.status:1400: executing default-1 commands
config.status:1400: executing libtool commands
config.status:1400: executing po/stamp-it commands
configure:15061: WARNING: unrecognized options: --enable-maintainer-mode

## ---------------- ##
## Cache variables. ##
## ---------------- ##

ac_cv_build=i686-pc-linux-gnu
ac_cv_c_compiler_gnu=yes
ac_cv_env_CC_set=
ac_cv_env_CC_value=
ac_cv_env_CFLAGS_set=
ac_cv_env_CFLAGS_value=
ac_cv_env_CPPFLAGS_set=
ac_cv_env_CPPFLAGS_value=
ac_cv_env_CPP_set=
ac_cv_env_CPP_value=
ac_cv_env_LDFLAGS_set=
ac_cv_env_LDFLAGS_value=
ac_cv_env_LIBS_set=
ac_cv_env_LIBS_value=
ac_cv_env_build_alias_set=
ac_cv_env_build_alias_value=
ac_cv_env_host_alias_set=
ac_cv_env_host_alias_value=
ac_cv_env_target_alias_set=
ac_cv_env_target_alias_value=
ac_cv_func_bind_textdomain_codeset=yes
ac_cv_func_dcgettext=yes
ac_cv_header_dlfcn_h=yes
ac_cv_header_inttypes_h=yes
ac_cv_header_libintl_h=yes
ac_cv_header_locale_h=yes
ac_cv_header_memory_h=yes
ac_cv_header_stdc=yes
ac_cv_header_stdint_h=yes
ac_cv_header_stdlib_h=yes
ac_cv_header_string_h=yes
ac_cv_header_strings_h=yes
ac_cv_header_sys_stat_h=yes
ac_cv_header_sys_types_h=yes
ac_cv_header_unistd_h=yes
ac_cv_host=i686-pc-linux-gnu
ac_cv_objext=o
ac_cv_path_EGREP='/bin/grep -E'
ac_cv_path_FGREP='/bin/grep -F'
ac_cv_path_GMSGFMT=/usr/bin/msgfmt
ac_cv_path_GREP=/bin/grep
ac_cv_path_INTLTOOL_EXTRACT=/usr/bin/intltool-extract
ac_cv_path_INTLTOOL_MERGE=/usr/bin/intltool-merge
ac_cv_path_INTLTOOL_PERL=/usr/bin/perl
ac_cv_path_INTLTOOL_UPDATE=/usr/bin/intltool-update
ac_cv_path_MSGFMT=/usr/bin/msgfmt
ac_cv_path_MSGMERGE=/usr/bin/msgmerge
ac_cv_path_SED=/bin/sed
ac_cv_path_XGETTEXT=/usr/bin/xgettext
ac_cv_path_install='/usr/bin/install -c'
ac_cv_path_mkdir=/bin/mkdir
ac_cv_prog_AWK=mawk
ac_cv_prog_CPP='gcc -E'
ac_cv_prog_ac_ct_AR=ar
ac_cv_prog_ac_ct_CC=gcc
ac_cv_prog_ac_ct_MANIFEST_TOOL=mt
ac_cv_prog_ac_ct_OBJDUMP=objdump
ac_cv_prog_ac_ct_RANLIB=ranlib
ac_cv_prog_ac_ct_STRIP=strip
ac_cv_prog_cc_c89=
ac_cv_prog_cc_g=yes
ac_cv_prog_make_make_set=yes
am_cv_CC_dependencies_compiler_type=gcc3
am_cv_make_support_nested_variables=yes
am_cv_val_LC_MESSAGES=yes
gt_cv_func_dgettext_libc=yes
gt_cv_func_dgettext_libintl=no
gt_cv_func_ngettext_libc=yes
gt_cv_have_gettext=yes
lt_cv_ar_at_file=@
lt_cv_archive_cmds_need_lc=no
lt_cv_deplibs_check_method=pass_all
lt_cv_file_magic_cmd='$MAGIC_CMD'
lt_cv_file_magic_test_file=
lt_cv_ld_reload_flag=-r
lt_cv_nm_interface='BSD nm'
lt_cv_objdir=.libs
lt_cv_path_LD=/usr/bin/ld
lt_cv_path_NM='/usr/bin/nm -B'
lt_cv_path_mainfest_tool=no
lt_cv_prog_compiler_c_o=yes
lt_cv_prog_compiler_pic='-fPIC -DPIC'
lt_cv_prog_compiler_pic_works=yes
lt_cv_prog_compiler_rtti_exceptions=no
lt_cv_prog_compiler_static_works=yes
lt_cv_prog_gnu_ld=yes
lt_cv_sharedlib_from_linklib_cmd='printf %s\n'
lt_cv_shlibpath_overrides_runpath=no
lt_cv_sys_global_symbol_pipe='sed -n -e '\''s/^.*[	 ]\([ABCDGIRSTW][ABCDGIRSTW]*\)[	 ][	 ]*\([_A-Za-z][_A-Za-z0-9]*\)$/\1 \2 \2/p'\'' | sed '\''/ __gnu_lto/d'\'''
lt_cv_sys_global_symbol_to_c_name_address='sed -n -e '\''s/^: \([^ ]*\)[ ]*$/  {\"\1\", (void *) 0},/p'\'' -e '\''s/^[ABCDGIRSTW]* \([^ ]*\) \([^ ]*\)$/  {"\2", (void *) \&\2},/p'\'''
lt_cv_sys_global_symbol_to_c_name_address_lib_prefix='sed -n -e '\''s/^: \([^ ]*\)[ ]*$/  {\"\1\", (void *) 0},/p'\'' -e '\''s/^[ABCDGIRSTW]* \([^ ]*\) \(lib[^ ]*\)$/  {"\2", (void *) \&\2},/p'\'' -e '\''s/^[ABCDGIRSTW]* \([^ ]*\) \([^ ]*\)$/  {"lib\2", (void *) \&\2},/p'\'''
lt_cv_sys_global_symbol_to_cdecl='sed -n -e '\''s/^T .* \(.*\)$/extern int \1();/p'\'' -e '\''s/^[ABCDGIRSTW]* .* \(.*\)$/extern char \1;/p'\'''
lt_cv_sys_max_cmd_len=1572864
lt_cv_to_host_file_cmd=func_convert_file_noop
lt_cv_to_tool_file_cmd=func_convert_file_noop

## ----------------- ##
## Output variables. ##
## ----------------- ##

ACLOCAL='${SHELL} /home/huxu/Anjuta-Projects/C_DBMS/missing --run aclocal-1.11'
ALL_LINGUAS=''
AMDEPBACKSLASH='\'
AMDEP_FALSE='#'
AMDEP_TRUE=''
AMTAR='$${TAR-tar}'
AM_BACKSLASH='\'
AM_DEFAULT_V='$(AM_DEFAULT_VERBOSITY)'
AM_DEFAULT_VERBOSITY='0'
AM_V='$(V)'
AR='ar'
AUTOCONF='${SHELL} /home/huxu/Anjuta-Projects/C_DBMS/missing --run autoconf'
AUTOHEADER='${SHELL} /home/huxu/Anjuta-Projects/C_DBMS/missing --run autoheader'
AUTOMAKE='${SHELL} /home/huxu/Anjuta-Projects/C_DBMS/missing --run automake-1.11'
AWK='mawk'
CATALOGS=''
CATOBJEXT='.gmo'
CC='gcc'
CCDEPMODE='depmode=gcc3'
CFLAGS='-g -O2'
CPP='gcc -E'
CPPFLAGS=''
CYGPATH_W='echo'
DATADIRNAME='share'
DEFS='-DHAVE_CONFIG_H'
DEPDIR='.deps'
DLLTOOL='false'
DSYMUTIL=''
DUMPBIN=''
ECHO_C=''
ECHO_N='-n'
ECHO_T=''
EGREP='/bin/grep -E'
EXEEXT=''
FGREP='/bin/grep -F'
GETTEXT_PACKAGE='c_dbms'
GMOFILES=''
GMSGFMT='/usr/bin/msgfmt'
GREP='/bin/grep'
INSTALL_DATA='${INSTALL} -m 644'
INSTALL_PROGRAM='${INSTALL}'
INSTALL_SCRIPT='${INSTALL}'
INSTALL_STRIP_PROGRAM='$(install_sh) -c -s'
INSTOBJEXT='.mo'
INTLLIBS=''
INTLTOOL_CAVES_RULE='%.caves:     %.caves.in     $(INTLTOOL_MERGE) $(wildcard $(top_srcdir)/po/*.po) ; $(INTLTOOL_V_MERGE)LC_ALL=C $(INTLTOOL_MERGE) $(INTLTOOL_V_MERGE_OPTIONS) -d -u -c $(top_builddir)/po/.intltool-merge-cache $(top_srcdir)/po $< $@'
INTLTOOL_DESKTOP_RULE='%.desktop:   %.desktop.in   $(INTLTOOL_MERGE) $(wildcard $(top_srcdir)/po/*.po) ; $(INTLTOOL_V_MERGE)LC_ALL=C $(INTLTOOL_MERGE) $(INTLTOOL_V_MERGE_OPTIONS) -d -u -c $(top_builddir)/po/.intltool-merge-cache $(top_srcdir)/po $< $@'
INTLTOOL_DIRECTORY_RULE='%.directory: %.directory.in $(INTLTOOL_MERGE) $(wildcard $(top_srcdir)/po/*.po) ; $(INTLTOOL_V_MERGE)LC_ALL=C $(INTLTOOL_MERGE) $(INTLTOOL_V_MERGE_OPTIONS) -d -u -c $(top_builddir)/po/.intltool-merge-cache $(top_srcdir)/po $< $@'
INTLTOOL_EXTRACT='/usr/bin/intltool-extract'
INTLTOOL_KBD_RULE='%.kbd:       %.kbd.in       $(INTLTOOL_MERGE) $(wildcard $(top_srcdir)/po/*.po) ; $(INTLTOOL_V_MERGE)LC_ALL=C $(INTLTOOL_MERGE) $(INTLTOOL_V_MERGE_OPTIONS) -x -u -m -c $(top_builddir)/po/.intltool-merge-cache $(top_srcdir)/po $< $@'
INTLTOOL_KEYS_RULE='%.keys:      %.keys.in      $(INTLTOOL_MERGE) $(wildcard $(top_srcdir)/po/*.po) ; $(INTLTOOL_V_MERGE)LC_ALL=C $(INTLTOOL_MERGE) $(INTLTOOL_V_MERGE_OPTIONS) -k -u -c $(top_builddir)/po/.intltool-merge-cache $(top_srcdir)/po $< $@'
INTLTOOL_MERGE='/usr/bin/intltool-merge'
INTLTOOL_OAF_RULE='%.oaf:       %.oaf.in       $(INTLTOOL_MERGE) $(wildcard $(top_srcdir)/po/*.po) ; $(INTLTOOL_V_MERGE)LC_ALL=C $(INTLTOOL_MERGE) $(INTLTOOL_V_MERGE_OPTIONS) -o -p $(top_srcdir)/po $< $@'
INTLTOOL_PERL='/usr/bin/perl'
INTLTOOL_POLICY_RULE='%.policy:    %.policy.in    $(INTLTOOL_MERGE) $(wildcard $(top_srcdir)/po/*.po) ; $(INTLTOOL_V_MERGE)LC_ALL=C $(INTLTOOL_MERGE) $(INTLTOOL_V_MERGE_OPTIONS) -x -u -c $(top_builddir)/po/.intltool-merge-cache $(top_srcdir)/po $< $@'
INTLTOOL_PONG_RULE='%.pong:      %.pong.in      $(INTLTOOL_MERGE) $(wildcard $(top_srcdir)/po/*.po) ; $(INTLTOOL_V_MERGE)LC_ALL=C $(INTLTOOL_MERGE) $(INTLTOOL_V_MERGE_OPTIONS) -x -u -c $(top_builddir)/po/.intltool-merge-cache $(top_srcdir)/po $< $@'
INTLTOOL_PROP_RULE='%.prop:      %.prop.in      $(INTLTOOL_MERGE) $(wildcard $(top_srcdir)/po/*.po) ; $(INTLTOOL_V_MERGE)LC_ALL=C $(INTLTOOL_MERGE) $(INTLTOOL_V_MERGE_OPTIONS) -d -u -c $(top_builddir)/po/.intltool-merge-cache $(top_srcdir)/po $< $@'
INTLTOOL_SCHEMAS_RULE='%.schemas:   %.schemas.in   $(INTLTOOL_MERGE) $(wildcard $(top_srcdir)/po/*.po) ; $(INTLTOOL_V_MERGE)LC_ALL=C $(INTLTOOL_MERGE) $(INTLTOOL_V_MERGE_OPTIONS) -s -u -c $(top_builddir)/po/.intltool-merge-cache $(top_srcdir)/po $< $@'
INTLTOOL_SERVER_RULE='%.server:    %.server.in    $(INTLTOOL_MERGE) $(wildcard $(top_srcdir)/po/*.po) ; $(INTLTOOL_V_MERGE)LC_ALL=C $(INTLTOOL_MERGE) $(INTLTOOL_V_MERGE_OPTIONS) -o -u -c $(top_builddir)/po/.intltool-merge-cache $(top_srcdir)/po $< $@'
INTLTOOL_SERVICE_RULE='%.service: %.service.in   $(INTLTOOL_MERGE) $(wildcard $(top_srcdir)/po/*.po) ; $(INTLTOOL_V_MERGE)LC_ALL=C $(INTLTOOL_MERGE) $(INTLTOOL_V_MERGE_OPTIONS) -d -u -c $(top_builddir)/po/.intltool-merge-cache $(top_srcdir)/po $< $@'
INTLTOOL_SHEET_RULE='%.sheet:     %.sheet.in     $(INTLTOOL_MERGE) $(wildcard $(top_srcdir)/po/*.po) ; $(INTLTOOL_V_MERGE)LC_ALL=C $(INTLTOOL_MERGE) $(INTLTOOL_V_MERGE_OPTIONS) -x -u -c $(top_builddir)/po/.intltool-merge-cache $(top_srcdir)/po $< $@'
INTLTOOL_SOUNDLIST_RULE='%.soundlist: %.soundlist.in $(INTLTOOL_MERGE) $(wildcard $(top_srcdir)/po/*.po) ; $(INTLTOOL_V_MERGE)LC_ALL=C $(INTLTOOL_MERGE) $(INTLTOOL_V_MERGE_OPTIONS) -d -u -c $(top_builddir)/po/.intltool-merge-cache $(top_srcdir)/po $< $@'
INTLTOOL_THEME_RULE='%.theme:     %.theme.in     $(INTLTOOL_MERGE) $(wildcard $(top_srcdir)/po/*.po) ; $(INTLTOOL_V_MERGE)LC_ALL=C $(INTLTOOL_MERGE) $(INTLTOOL_V_MERGE_OPTIONS) -d -u -c $(top_builddir)/po/.intltool-merge-cache $(top_srcdir)/po $< $@'
INTLTOOL_UI_RULE='%.ui:        %.ui.in        $(INTLTOOL_MERGE) $(wildcard $(top_srcdir)/po/*.po) ; $(INTLTOOL_V_MERGE)LC_ALL=C $(INTLTOOL_MERGE) $(INTLTOOL_V_MERGE_OPTIONS) -x -u -c $(top_builddir)/po/.intltool-merge-cache $(top_srcdir)/po $< $@'
INTLTOOL_UPDATE='/usr/bin/intltool-update'
INTLTOOL_V_MERGE='$(INTLTOOL__v_MERGE_$(V))'
INTLTOOL_V_MERGE_OPTIONS='$(intltool__v_merge_options_$(V))'
INTLTOOL_XAM_RULE='%.xam:       %.xml.in       $(INTLTOOL_MERGE) $(wildcard $(top_srcdir)/po/*.po) ; $(INTLTOOL_V_MERGE)LC_ALL=C $(INTLTOOL_MERGE) $(INTLTOOL_V_MERGE_OPTIONS) -x -u -c $(top_builddir)/po/.intltool-merge-cache $(top_srcdir)/po $< $@'
INTLTOOL_XML_NOMERGE_RULE='%.xml:       %.xml.in       $(INTLTOOL_MERGE) ; $(INTLTOOL_V_MERGE)LC_ALL=C $(INTLTOOL_MERGE) $(INTLTOOL_V_MERGE_OPTIONS) -x -u --no-translations $< $@'
INTLTOOL_XML_RULE='%.xml:       %.xml.in       $(INTLTOOL_MERGE) $(wildcard $(top_srcdir)/po/*.po) ; $(INTLTOOL_V_MERGE)LC_ALL=C $(INTLTOOL_MERGE) $(INTLTOOL_V_MERGE_OPTIONS) -x -u -c $(top_builddir)/po/.intltool-merge-cache $(top_srcdir)/po $< $@'
INTLTOOL__v_MERGE_0='@echo "  ITMRG " $@;'
INTLTOOL__v_MERGE_='$(INTLTOOL__v_MERGE_$(AM_DEFAULT_VERBOSITY))'
LD='/usr/bin/ld'
LDFLAGS=''
LIBOBJS=''
LIBS=''
LIBTOOL='$(SHELL) $(top_builddir)/libtool'
LIPO=''
LN_S='ln -s'
LTLIBOBJS=''
MAKEINFO='${SHELL} /home/huxu/Anjuta-Projects/C_DBMS/missing --run makeinfo'
MANIFEST_TOOL=':'
MKDIR_P='/bin/mkdir -p'
MKINSTALLDIRS='./mkinstalldirs'
MSGFMT='/usr/bin/msgfmt'
MSGFMT_OPTS='-c'
MSGMERGE='/usr/bin/msgmerge'
NM='/usr/bin/nm -B'
NMEDIT=''
OBJDUMP='objdump'
OBJEXT='o'
OTOOL64=''
OTOOL=''
PACKAGE='c_dbms'
PACKAGE_BUGREPORT=''
PACKAGE_NAME='c_dbms'
PACKAGE_STRING='c_dbms 0.1'
PACKAGE_TARNAME='c_dbms'
PACKAGE_URL=''
PACKAGE_VERSION='0.1'
PATH_SEPARATOR=':'
POFILES=''
POSUB='po'
PO_IN_DATADIR_FALSE=''
PO_IN_DATADIR_TRUE=''
RANLIB='ranlib'
SED='/bin/sed'
SET_MAKE=''
SHELL='/bin/bash'
STRIP='strip'
USE_NLS='yes'
VERSION='0.1'
XGETTEXT='/usr/bin/xgettext'
ac_ct_AR='ar'
ac_ct_CC='gcc'
ac_ct_DUMPBIN=''
am__EXEEXT_FALSE=''
am__EXEEXT_TRUE='#'
am__fastdepCC_FALSE='#'
am__fastdepCC_TRUE=''
am__include='include'
am__isrc=''
am__leading_dot='.'
am__nodep='_no'
am__quote=''
am__tar='$${TAR-tar} chof - "$$tardir"'
am__untar='$${TAR-tar} xf -'
bindir='${exec_prefix}/bin'
build='i686-pc-linux-gnu'
build_alias=''
build_cpu='i686'
build_os='linux-gnu'
build_vendor='pc'
datadir='${datarootdir}'
datarootdir='${prefix}/share'
docdir='${datarootdir}/doc/${PACKAGE_TARNAME}'
dvidir='${docdir}'
exec_prefix='${prefix}'
host='i686-pc-linux-gnu'
host_alias=''
host_cpu='i686'
host_os='linux-gnu'
host_vendor='pc'
htmldir='${docdir}'
includedir='${prefix}/include'
infodir='${datarootdir}/info'
install_sh='${SHELL} /home/huxu/Anjuta-Projects/C_DBMS/install-sh'
intltool__v_merge_options_0='-q'
intltool__v_merge_options_='$(intltool__v_merge_options_$(AM_DEFAULT_VERBOSITY))'
libdir='${exec_prefix}/lib'
libexecdir='${exec_prefix}/libexec'
localedir='${datarootdir}/locale'
localstatedir='${prefix}/var'
mandir='${datarootdir}/man'
mkdir_p='/bin/mkdir -p'
oldincludedir='/usr/include'
pdfdir='${docdir}'
prefix='/usr/local'
program_transform_name='s,x,x,'
psdir='${docdir}'
sbindir='${exec_prefix}/sbin'
sharedstatedir='${prefix}/com'
sysconfdir='${prefix}/etc'
target_alias=''

## ----------- ##
## confdefs.h. ##
## ----------- ##

/* confdefs.h */
#define PACKAGE_NAME "c_dbms"
#define PACKAGE_TARNAME "c_dbms"
#define PACKAGE_VERSION "0.1"
#define PACKAGE_STRING "c_dbms 0.1"
#define PACKAGE_BUGREPORT ""
#define PACKAGE_URL ""
#define PACKAGE "c_dbms"
#define VERSION "0.1"
#define GETTEXT_PACKAGE "c_dbms"
#define STDC_HEADERS 1
#define HAVE_SYS_TYPES_H 1
#define HAVE_SYS_STAT_H 1
#define HAVE_STDLIB_H 1
#define HAVE_STRING_H 1
#define HAVE_MEMORY_H 1
#define HAVE_STRINGS_H 1
#define HAVE_INTTYPES_H 1
#define HAVE_STDINT_H 1
#define HAVE_UNISTD_H 1
#define HAVE_LOCALE_H 1
#define HAVE_LC_MESSAGES 1
#define HAVE_BIND_TEXTDOMAIN_CODESET 1
#define HAVE_GETTEXT 1
#define HAVE_DCGETTEXT 1
#define ENABLE_NLS 1
#define HAVE_DLFCN_H 1
#define LT_OBJDIR ".libs/"

configure: exit 0
